SF:lib\domain\usecases\search_movies.dart
DA:9,0
DA:11,0
DA:12,0
LF:3
LH:0
end_of_record
SF:lib\presentation\bloc\search_bloc.dart
DA:9,3
LF:1
LH:1
end_of_record
SF:lib\presentation\bloc\search_state.dart
DA:5,1
DA:7,1
DA:8,1
DA:17,0
DA:18,0
DA:19,0
DA:25,0
DA:27,0
DA:28,0
LF:9
LH:3
end_of_record
SF:lib\common\failure.dart
DA:6,0
DA:8,0
DA:9,0
DA:13,0
DA:17,0
DA:21,0
DA:25,0
LF:7
LH:0
end_of_record
SF:lib\domain\entities\movie.dart
DA:4,0
DA:20,0
DA:41,0
DA:42,0
DA:43,0
DA:44,0
DA:45,0
DA:46,0
DA:47,0
DA:48,0
DA:49,0
DA:50,0
DA:51,0
DA:52,0
DA:53,0
DA:54,0
DA:55,0
LF:17
LH:0
end_of_record
SF:lib\domain\entities\genre.dart
DA:4,0
DA:12,0
DA:13,0
LF:3
LH:0
end_of_record
SF:lib\domain\entities\movie_detail.dart
DA:5,0
DA:33,0
DA:34,0
DA:35,0
DA:36,0
DA:37,0
DA:38,0
DA:39,0
DA:40,0
DA:41,0
DA:42,0
DA:43,0
DA:44,0
DA:45,0
LF:14
LH:0
end_of_record
SF:lib\presentation\bloc\search_event.dart
DA:4,0
DA:6,0
DA:7,0
DA:13,0
DA:15,0
DA:16,0
LF:6
LH:0
end_of_record
